Successfully connected to MongoDB
Successfully connected to MongoDB
Successfully connected to MongoDB
Successfully connected to MongoDB
No data found for symbol: AAPL
No data found for symbol: GOOGL
No data found for symbol: MSFT
No data found for symbol: TSLA
No data found for symbol: AMZN
No data found for symbol: META
No data found for symbol: NVDA
No data found for symbol: NFLX
No data found for symbol: AAPL
No data found for symbol: GOOGL
No data found for symbol: AAPL
No data found for symbol: MSFT
No data found for symbol: GOOGL
No data found for symbol: TSLA
No data found for symbol: MSFT
No data found for symbol: AMZN
No data found for symbol: TSLA
No data found for symbol: META
No data found for symbol: AMZN
No data found for symbol: NVDA
No data found for symbol: META
No data found for symbol: NFLX
No data found for symbol: NVDA
No data found for symbol: NFLX
No data found for symbol: AAPL
No data found for symbol: GOOGL
No data found for symbol: MSFT
No data found for symbol: TSLA
No data found for symbol: AMZN
No data found for symbol: META
No data found for symbol: NVDA
No data found for symbol: NFLX
No data found for symbol: AAPL
No data found for symbol: GOOGL
No data found for symbol: MSFT
No data found for symbol: TSLA
No data found for symbol: AMZN
No data found for symbol: META
No data found for symbol: NVDA
No data found for symbol: NFLX
No data found for symbol: AAPL
No data found for symbol: GOOGL
No data found for symbol: MSFT
No data found for symbol: TSLA
No data found for symbol: AMZN
No data found for symbol: META
No data found for symbol: NVDA
No data found for symbol: NFLX
No data found for symbol: AAPL
No data found for symbol: GOOGL
No data found for symbol: MSFT
No data found for symbol: TSLA
No data found for symbol: AMZN
No data found for symbol: META
No data found for symbol: NVDA
No data found for symbol: NFLX
No data found for symbol: HTTPS://FINANCE.YAHOO.COM/QUOTE/AAPL/
No data found for symbol: HTTPS://FINANCE.YAHOO.COM/QUOTE/AAPL/
No data found for symbol: HTTPS://FINANCE.YAHOO.COM/QUOTE/AAPL/
No data found for symbol: AAPL
No data found for symbol: GOOGL
No data found for symbol: AAPL
No data found for symbol: MSFT
No data found for symbol: AAPL
No data found for symbol: GOOGL
No data found for symbol: TSLA
No data found for symbol: GOOGL
No data found for symbol: MSFT
No data found for symbol: AMZN
No data found for symbol: MSFT
No data found for symbol: TSLA
No data found for symbol: META
No data found for symbol: TSLA
No data found for symbol: AMZN
No data found for symbol: NVDA
No data found for symbol: AMZN
No data found for symbol: META
No data found for symbol: NFLX
No data found for symbol: META
No data found for symbol: NVDA
No data found for symbol: NVDA
No data found for symbol: NFLX
No data found for symbol: NFLX
No data found for symbol: AAPL
No data found for symbol: AAPL
No data found for symbol: AAPL
No data found for symbol: AAPL
No data found for symbol: GOOGL
No data found for symbol: AAPL
No data found for symbol: GOOGL
No data found for symbol: GOOGL
No data found for symbol: GOOGL
No data found for symbol: MSFT
No data found for symbol: AAPL
No data found for symbol: GOOGL
No data found for symbol: MSFT
No data found for symbol: MSFT
No data found for symbol: MSFT
No data found for symbol: TSLA
No data found for symbol: AAPL
No data found for symbol: AAPL
No data found for symbol: GOOGL
No data found for symbol: MSFT
No data found for symbol: TSLA
No data found for symbol: TSLA
No data found for symbol: TSLA
No data found for symbol: AMZN
No data found for symbol: GOOGL
No data found for symbol: GOOGL
No data found for symbol: MSFT
No data found for symbol: TSLA
No data found for symbol: AMZN
No data found for symbol: AMZN
No data found for symbol: META
No data found for symbol: MSFT
No data found for symbol: MSFT
No data found for symbol: AMZN
No data found for symbol: META
No data found for symbol: NVDA
No data found for symbol: TSLA
No data found for symbol: TSLA
No data found for symbol: META
No data found for symbol: NVDA
No data found for symbol: NFLX
No data found for symbol: AMZN
No data found for symbol: AMZN
No data found for symbol: NVDA
No data found for symbol: NFLX
No data found for symbol: META
No data found for symbol: META
No data found for symbol: NFLX
No data found for symbol: NVDA
No data found for symbol: NVDA
No data found for symbol: AMZN
No data found for symbol: TSLA
No data found for symbol: META
No data found for symbol: AAPL
No data found for symbol: NFLX
No data found for symbol: NFLX
No data found for symbol: META
No data found for symbol: AMZN
No data found for symbol: NVDA
No data found for symbol: GOOGL
No data found for symbol: NVDA
No data found for symbol: META
No data found for symbol: MSFT
No data found for symbol: NFLX
No data found for symbol: NVDA
No data found for symbol: TSLA
No data found for symbol: NFLX
No data found for symbol: AMZN
No data found for symbol: META
No data found for symbol: NVDA
No data found for symbol: NFLX
No data found for symbol: NFLX
No data found for symbol: AAPL
No data found for symbol: GOOGL
No data found for symbol: MSFT
No data found for symbol: TSLA
No data found for symbol: AMZN
No data found for symbol: META
No data found for symbol: NVDA
No data found for symbol: NFLX
No data found for symbol: AAPL
No data found for symbol: AAPL
No data found for symbol: GOOGL
No data found for symbol: GOOGL
No data found for symbol: MSFT
No data found for symbol: MSFT
No data found for symbol: TSLA
No data found for symbol: TSLA
No data found for symbol: AMZN
No data found for symbol: AMZN
No data found for symbol: META
No data found for symbol: META
No data found for symbol: NVDA
No data found for symbol: NVDA
No data found for symbol: NFLX
No data found for symbol: NFLX
No data found for symbol: APPLE
No data found for symbol: AAPL
No data found for symbol: MSFT
Successfully connected to MongoDB
Successfully connected to MongoDB
Successfully connected to MongoDB
No data found for symbol: AAPL
No data found for symbol: GOOGL
No data found for symbol: MSFT
No data found for symbol: TSLA
No data found for symbol: AMZN
No data found for symbol: META
No data found for symbol: NVDA
No data found for symbol: NFLX
No data found for symbol: APPLE INC.
No data found for symbol: AAPL  (THIS IS THE STOCK SYMBOL FOR APPLE INC.)
No data found for symbol: AAPL
No data found for symbol: GOOGL
No data found for symbol: AAPL
No data found for symbol: AAPL
Successfully connected to MongoDB
No data found for symbol: AAPL
No data found for symbol: GOOGL
No data found for symbol: MSFT
No data found for symbol: TSLA
No data found for symbol: AMZN
No data found for symbol: META
No data found for symbol: NVDA
No data found for symbol: NFLX
No data found for symbol: AAPL
No data found for symbol: GOOGL
No data found for symbol: MSFT
No data found for symbol: TSLA
No data found for symbol: AMZN
No data found for symbol: META
No data found for symbol: NVDA
No data found for symbol: NFLX
No data found for symbol: AAPL
No data found for symbol: AAPL
Successfully connected to MongoDB
Successfully connected to MongoDB
Successfully connected to MongoDB
No data found for symbol: AAPL
No data found for symbol: GOOGL
No data found for symbol: MSFT
No data found for symbol: TSLA
No data found for symbol: AMZN
No data found for symbol: META
No data found for symbol: NVDA
No data found for symbol: NFLX
No data found for symbol: MSFT
No data found for symbol: AAPL
No data found for symbol: GOOGL
No data found for symbol: MSFT
No data found for symbol: AAPL
No data found for symbol: GOOGL
No data found for symbol: MSFT
No data found for symbol: TSLA
No data found for symbol: TSLA
No data found for symbol: AMZN
No data found for symbol: AMZN
No data found for symbol: META
No data found for symbol: META
No data found for symbol: NVDA
No data found for symbol: NVDA
No data found for symbol: NFLX
No data found for symbol: NFLX
No data found for symbol: AAPL
Successfully connected to MongoDB
Successfully connected to MongoDB
No data found for symbol: AAPL
No data found for symbol: GOOGL
No data found for symbol: MSFT
No data found for symbol: TSLA
No data found for symbol: AMZN
No data found for symbol: META
No data found for symbol: NVDA
No data found for symbol: AAPL
No data found for symbol: GOOGL
No data found for symbol: NFLX
No data found for symbol: MSFT
No data found for symbol: TSLA
No data found for symbol: AMZN
No data found for symbol: META
No data found for symbol: NVDA
No data found for symbol: NFLX
Successfully connected to MongoDB
No data found for symbol: AAPL
No data found for symbol: GOOGL
No data found for symbol: MSFT
No data found for symbol: TSLA
No data found for symbol: AMZN
No data found for symbol: META
No data found for symbol: NVDA
No data found for symbol: NFLX
No data found for symbol: AAPL
No data found for symbol: GOOGL
No data found for symbol: MSFT
No data found for symbol: TSLA
No data found for symbol: AMZN
No data found for symbol: META
No data found for symbol: NVDA
No data found for symbol: NFLX
No data found for symbol: AAPL
No data found for symbol: AAPL
No data found for symbol: GOOGL
No data found for symbol: MSFT
No data found for symbol: TSLA
No data found for symbol: AMZN
No data found for symbol: META
No data found for symbol: NVDA
No data found for symbol: NFLX
No data found for symbol: RELIANCE
Successfully connected to MongoDB
No data found for symbol: AAPL
No data found for symbol: GOOGL
No data found for symbol: MSFT
No data found for symbol: TSLA
No data found for symbol: AMZN
No data found for symbol: META
No data found for symbol: NVDA
No data found for symbol: NFLX
No data found for symbol: AAPL
No data found for symbol: AAPL
No data found for symbol: GOOGL
No data found for symbol: MSFT
No data found for symbol: TSLA
No data found for symbol: AMZN
No data found for symbol: META
No data found for symbol: NVDA
No data found for symbol: NFLX
No data found for symbol: AAPL
No data found for symbol: GOOGL
No data found for symbol: MSFT
No data found for symbol: TSLA
No data found for symbol: AMZN
No data found for symbol: META
No data found for symbol: NVDA
No data found for symbol: NFLX
No data found for symbol: AAPL
Successfully connected to MongoDB
No data found for symbol: AAPL
No data found for symbol: GOOGL
No data found for symbol: MSFT
No data found for symbol: TSLA
No data found for symbol: AMZN
No data found for symbol: META
No data found for symbol: NVDA
No data found for symbol: NFLX
No data found for symbol: AAPL
No data found for symbol: GOOGL
No data found for symbol: MSFT
No data found for symbol: TSLA
No data found for symbol: AMZN
No data found for symbol: META
No data found for symbol: NVDA
No data found for symbol: NFLX
No data found for symbol: AAPL
No data found for symbol: GOOGL
No data found for symbol: MSFT
No data found for symbol: TSLA
No data found for symbol: AMZN
No data found for symbol: META
No data found for symbol: NVDA
No data found for symbol: NFLX
No data found for symbol: AAPL
Successfully connected to MongoDB
No data found for symbol: AAPL
No data found for symbol: GOOGL
No data found for symbol: MSFT
No data found for symbol: TSLA
No data found for symbol: AMZN
No data found for symbol: META
No data found for symbol: NVDA
No data found for symbol: NFLX
No data found for symbol: AAPL
No data found for symbol: AAPL
No data found for symbol: GOOGL
No data found for symbol: MSFT
No data found for symbol: TSLA
No data found for symbol: AMZN
No data found for symbol: META
No data found for symbol: NVDA
No data found for symbol: NFLX
Successfully connected to MongoDB
No data found for symbol: AAPL
No data found for symbol: GOOGL
No data found for symbol: MSFT
No data found for symbol: TSLA
No data found for symbol: AMZN
No data found for symbol: META
No data found for symbol: NVDA
No data found for symbol: NFLX
No data found for symbol: AAPL
No data found for symbol: AAPL
Successfully connected to MongoDB
No data found for symbol: AAPL
No data found for symbol: GOOGL
No data found for symbol: MSFT
No data found for symbol: TSLA
No data found for symbol: AMZN
No data found for symbol: META
No data found for symbol: NVDA
No data found for symbol: NFLX
No data found for symbol: AAPL
Successfully connected to MongoDB
No data found for symbol: AAPL
No data found for symbol: GOOGL
No data found for symbol: MSFT
No data found for symbol: TSLA
No data found for symbol: AMZN
No data found for symbol: META
No data found for symbol: NVDA
No data found for symbol: NFLX
No data found for symbol: AAPL
No data found for symbol: AAPL
No data found for symbol: AAPL
No data found for symbol: GOOGL
No data found for symbol: MSFT
No data found for symbol: TSLA
No data found for symbol: AMZN
No data found for symbol: META
No data found for symbol: NVDA
No data found for symbol: NFLX
No data found for symbol: AAPL
No data found for symbol: GOOGL
No data found for symbol: MSFT
No data found for symbol: TSLA
No data found for symbol: AMZN
No data found for symbol: META
No data found for symbol: NVDA
No data found for symbol: NFLX
No data found for symbol: AAPL
No data found for symbol: GOOGL
No data found for symbol: MSFT
No data found for symbol: TSLA
No data found for symbol: AMZN
No data found for symbol: META
No data found for symbol: NVDA
No data found for symbol: NFLX
Successfully connected to MongoDB
No data found for symbol: AAPL
No data found for symbol: GOOGL
No data found for symbol: MSFT
No data found for symbol: TSLA
No data found for symbol: AMZN
No data found for symbol: META
No data found for symbol: NVDA
No data found for symbol: NFLX
No data found for symbol: RELIENCE
No data found for symbol: NSFT
Successfully connected to MongoDB
No data found for symbol: AAPL
No data found for symbol: GOOGL
No data found for symbol: MSFT
No data found for symbol: TSLA
No data found for symbol: AMZN
No data found for symbol: META
No data found for symbol: NVDA
No data found for symbol: NFLX
No data found for symbol: MSFT
No data found for symbol: AAPL
No data found for symbol: GOOGL
No data found for symbol: MSFT
No data found for symbol: TSLA
No data found for symbol: AMZN
No data found for symbol: META
No data found for symbol: NVDA
No data found for symbol: NFLX
Successfully connected to MongoDB
No data found for symbol: AAPL
No data found for symbol: GOOGL
No data found for symbol: MSFT
No data found for symbol: TSLA
No data found for symbol: AMZN
No data found for symbol: META
No data found for symbol: NVDA
No data found for symbol: NFLX
Attempting to add stock: MSFT
Fetching data for new stock: MSFT
No data found for symbol: MSFT
Could not fetch data for symbol: MSFT
Successfully connected to MongoDB
Successfully connected to MongoDB
Successfully fetched and stored data for AAPL
Successfully fetched and stored data for GOOGL
Successfully fetched and stored data for MSFT
Successfully fetched and stored data for TSLA
Successfully fetched and stored data for AMZN
Successfully fetched and stored data for META
Successfully fetched and stored data for NVDA
Successfully fetched and stored data for NFLX
Successfully fetched and stored data for NFLX
Successfully fetched and stored data for NFLX
Attempting to add stock: RELIENCE
Creating demo data for RELIENCE due to rate limits
Error adding stock: 'StockDataService' object has no attribute 'create_demo_stock_data'
Attempting to add stock: AAPL
Stock AAPL already exists
Error adding stock: Object of type ObjectId is not JSON serializable
Attempting to add stock: AAPL
Stock AAPL already exists
Error adding stock: Object of type ObjectId is not JSON serializable
Invalid symbol format: TATA STEEL
Invalid symbol format: TATA STEEL
Successfully connected to MongoDB
Successfully connected to MongoDB
Successfully connected to MongoDB
Attempting to add stock: MSFT
Stock MSFT already exists
Error adding stock: Object of type ObjectId is not JSON serializable
Successfully connected to MongoDB
Attempting to add stock: MSFT
Stock MSFT already exists
Error adding stock: Object of type ObjectId is not JSON serializable
Attempting to add stock: MSFT
Stock MSFT already exists
Error adding stock: Object of type ObjectId is not JSON serializable
Attempting to add stock: GOOGLE
Creating demo data for GOOGLE due to rate limits
Error adding stock: 'StockDataService' object has no attribute 'create_demo_stock_data'
Attempting to add stock: AAPL
Stock AAPL already exists
Error adding stock: Object of type ObjectId is not JSON serializable
